




















































































































[ ERROR ] 2020-04-09T23:21:54Z+0800 ] ...EAD-87d892a/share/nvim/runtime/lua/vim/lsp/callbacks.lua:221 ]	"[tsserver] /bin/sh: /usr/local/Cellar/node/13.10.1/bin/npm: No such file or directory\n"








[ ERROR ] 2020-04-10T12:08:47Z+0800 ] ...ovim/HEAD-87d892a/share/nvim/runtime/lua/vim/lsp/rpc.lua:308 ]	"rpc"	"gopls"	"stderr"	"2020/04/10 12:08:47 : updateOverlays: saving file:///Users/yikkai95/Project/ark/routers/api/v1/centers/model.go at version 0, currently at 3\n"
[ ERROR ] 2020-04-10T12:08:47Z+0800 ] ...EAD-87d892a/share/nvim/runtime/lua/vim/lsp/callbacks.lua:221 ]	"2020/04/10 12:08:47 : updateOverlays: saving file:///Users/yikkai95/Project/ark/routers/api/v1/centers/model.go at version 0, currently at 3"






























[ ERROR ] 2020-04-11T10:46:18Z+0800 ] ...EAD-87d892a/share/nvim/runtime/lua/vim/lsp/callbacks.lua:221 ]	"[tsserver] /bin/sh: /usr/local/Cellar/node/13.10.1/bin/npm: No such file or directory\n"

[ ERROR ] 2020-04-11T10:57:26Z+0800 ] ...EAD-87d892a/share/nvim/runtime/lua/vim/lsp/callbacks.lua:221 ]	"[tsserver] /bin/sh: /usr/local/Cellar/node/13.10.1/bin/npm: No such file or directory\n"

[ ERROR ] 2020-04-11T10:58:46Z+0800 ] ...EAD-87d892a/share/nvim/runtime/lua/vim/lsp/callbacks.lua:221 ]	"[tsserver] /bin/sh: /usr/local/Cellar/node/13.10.1/bin/npm: No such file or directory\n"

[ ERROR ] 2020-04-11T11:01:11Z+0800 ] ...EAD-87d892a/share/nvim/runtime/lua/vim/lsp/callbacks.lua:221 ]	"[tsserver] /bin/sh: /usr/local/Cellar/node/13.10.1/bin/npm: No such file or directory\n"

[ ERROR ] 2020-04-11T11:02:06Z+0800 ] ...EAD-87d892a/share/nvim/runtime/lua/vim/lsp/callbacks.lua:221 ]	"[tsserver] /bin/sh: /usr/local/Cellar/node/13.10.1/bin/npm: No such file or directory\n"

[ ERROR ] 2020-04-11T11:02:43Z+0800 ] ...EAD-87d892a/share/nvim/runtime/lua/vim/lsp/callbacks.lua:221 ]	"[tsserver] /bin/sh: /usr/local/Cellar/node/13.10.1/bin/npm: No such file or directory\n"

[ ERROR ] 2020-04-11T11:03:13Z+0800 ] ...EAD-87d892a/share/nvim/runtime/lua/vim/lsp/callbacks.lua:221 ]	"[tsserver] /bin/sh: /usr/local/Cellar/node/13.10.1/bin/npm: No such file or directory\n"

[ ERROR ] 2020-04-11T11:04:49Z+0800 ] ...EAD-87d892a/share/nvim/runtime/lua/vim/lsp/callbacks.lua:221 ]	"[tsserver] /bin/sh: /usr/local/Cellar/node/13.10.1/bin/npm: No such file or directory\n"

[ ERROR ] 2020-04-11T11:05:12Z+0800 ] ...EAD-87d892a/share/nvim/runtime/lua/vim/lsp/callbacks.lua:221 ]	"[tsserver] /bin/sh: /usr/local/Cellar/node/13.10.1/bin/npm: No such file or directory\n"



[ ERROR ] 2020-04-11T16:59:03Z+0800 ] ...EAD-87d892a/share/nvim/runtime/lua/vim/lsp/callbacks.lua:221 ]	"[tsserver] /bin/sh: /usr/local/Cellar/node/13.10.1/bin/npm: No such file or directory\n"

[ ERROR ] 2020-04-11T16:59:44Z+0800 ] ...EAD-87d892a/share/nvim/runtime/lua/vim/lsp/callbacks.lua:221 ]	"[tsserver] /bin/sh: /usr/local/Cellar/node/13.10.1/bin/npm: No such file or directory\n"

[ ERROR ] 2020-04-11T17:03:47Z+0800 ] ...EAD-87d892a/share/nvim/runtime/lua/vim/lsp/callbacks.lua:221 ]	"[tsserver] /bin/sh: /usr/local/Cellar/node/13.10.1/bin/npm: No such file or directory\n"

[ ERROR ] 2020-04-11T17:05:52Z+0800 ] ...EAD-87d892a/share/nvim/runtime/lua/vim/lsp/callbacks.lua:221 ]	"[tsserver] /bin/sh: /usr/local/Cellar/node/13.10.1/bin/npm: No such file or directory\n"


[ ERROR ] 2020-04-11T17:08:22Z+0800 ] ...EAD-87d892a/share/nvim/runtime/lua/vim/lsp/callbacks.lua:221 ]	"[tsserver] /bin/sh: /usr/local/Cellar/node/13.10.1/bin/npm: No such file or directory\n"

[ ERROR ] 2020-04-11T17:09:40Z+0800 ] ...EAD-87d892a/share/nvim/runtime/lua/vim/lsp/callbacks.lua:221 ]	"[tsserver] /bin/sh: /usr/local/Cellar/node/13.10.1/bin/npm: No such file or directory\n"


[ ERROR ] 2020-04-11T17:10:13Z+0800 ] ...EAD-87d892a/share/nvim/runtime/lua/vim/lsp/callbacks.lua:221 ]	"[tsserver] /bin/sh: /usr/local/Cellar/node/13.10.1/bin/npm: No such file or directory\n"








[ ERROR ] 2020-04-11T22:16:32Z+0800 ] ...EAD-87d892a/share/nvim/runtime/lua/vim/lsp/callbacks.lua:221 ]	"[tsserver] /bin/sh: /usr/local/Cellar/node/13.10.1/bin/npm: No such file or directory\n"



[ ERROR ] 2020-04-11T22:24:51Z+0800 ] ...EAD-87d892a/share/nvim/runtime/lua/vim/lsp/callbacks.lua:221 ]	"[tsserver] /bin/sh: /usr/local/Cellar/node/13.10.1/bin/npm: No such file or directory\n"

[ ERROR ] 2020-04-11T22:26:50Z+0800 ] ...EAD-87d892a/share/nvim/runtime/lua/vim/lsp/callbacks.lua:221 ]	"[tsserver] /bin/sh: /usr/local/Cellar/node/13.10.1/bin/npm: No such file or directory\n"

[ ERROR ] 2020-04-11T22:29:27Z+0800 ] ...EAD-87d892a/share/nvim/runtime/lua/vim/lsp/callbacks.lua:221 ]	"[tsserver] /bin/sh: /usr/local/Cellar/node/13.10.1/bin/npm: No such file or directory\n"

[ ERROR ] 2020-04-11T22:30:23Z+0800 ] ...EAD-87d892a/share/nvim/runtime/lua/vim/lsp/callbacks.lua:221 ]	"[tsserver] /bin/sh: /usr/local/Cellar/node/13.10.1/bin/npm: No such file or directory\n"



[ ERROR ] 2020-04-11T22:33:37Z+0800 ] ...EAD-87d892a/share/nvim/runtime/lua/vim/lsp/callbacks.lua:221 ]	"[tsserver] /bin/sh: /usr/local/Cellar/node/13.10.1/bin/npm: No such file or directory\n"

[ ERROR ] 2020-04-11T22:34:16Z+0800 ] ...EAD-87d892a/share/nvim/runtime/lua/vim/lsp/callbacks.lua:221 ]	"[tsserver] /bin/sh: /usr/local/Cellar/node/13.10.1/bin/npm: No such file or directory\n"


[ ERROR ] 2020-04-11T22:35:14Z+0800 ] ...EAD-87d892a/share/nvim/runtime/lua/vim/lsp/callbacks.lua:221 ]	"[tsserver] /bin/sh: /usr/local/Cellar/node/13.10.1/bin/npm: No such file or directory\n"

[ ERROR ] 2020-04-11T22:35:45Z+0800 ] ...EAD-87d892a/share/nvim/runtime/lua/vim/lsp/callbacks.lua:221 ]	"[tsserver] /bin/sh: /usr/local/Cellar/node/13.10.1/bin/npm: No such file or directory\n"



[ ERROR ] 2020-04-11T22:37:19Z+0800 ] ...EAD-87d892a/share/nvim/runtime/lua/vim/lsp/callbacks.lua:221 ]	"[tsserver] /bin/sh: /usr/local/Cellar/node/13.10.1/bin/npm: No such file or directory\n"


[ ERROR ] 2020-04-11T22:39:49Z+0800 ] ...EAD-87d892a/share/nvim/runtime/lua/vim/lsp/callbacks.lua:221 ]	"[tsserver] /bin/sh: /usr/local/Cellar/node/13.10.1/bin/npm: No such file or directory\n"





[ ERROR ] 2020-04-11T22:40:50Z+0800 ] ...EAD-87d892a/share/nvim/runtime/lua/vim/lsp/callbacks.lua:221 ]	"[tsserver] /bin/sh: /usr/local/Cellar/node/13.10.1/bin/npm: No such file or directory\n"

[ ERROR ] 2020-04-11T22:41:48Z+0800 ] ...EAD-87d892a/share/nvim/runtime/lua/vim/lsp/callbacks.lua:221 ]	"[tsserver] /bin/sh: /usr/local/Cellar/node/13.10.1/bin/npm: No such file or directory\n"

[ ERROR ] 2020-04-11T22:42:37Z+0800 ] ...EAD-87d892a/share/nvim/runtime/lua/vim/lsp/callbacks.lua:221 ]	"[tsserver] /bin/sh: /usr/local/Cellar/node/13.10.1/bin/npm: No such file or directory\n"

[ ERROR ] 2020-04-11T22:49:44Z+0800 ] ...EAD-87d892a/share/nvim/runtime/lua/vim/lsp/callbacks.lua:221 ]	"[tsserver] /bin/sh: /usr/local/Cellar/node/13.10.1/bin/npm: No such file or directory\n"



[ ERROR ] 2020-04-11T23:01:24Z+0800 ] ...EAD-87d892a/share/nvim/runtime/lua/vim/lsp/callbacks.lua:221 ]	"[tsserver] /bin/sh: /usr/local/Cellar/node/13.10.1/bin/npm: No such file or directory\n"


[ ERROR ] 2020-04-11T23:03:41Z+0800 ] ...EAD-87d892a/share/nvim/runtime/lua/vim/lsp/callbacks.lua:221 ]	"[tsserver] /bin/sh: /usr/local/Cellar/node/13.10.1/bin/npm: No such file or directory\n"

[ ERROR ] 2020-04-11T23:04:52Z+0800 ] ...EAD-87d892a/share/nvim/runtime/lua/vim/lsp/callbacks.lua:221 ]	"[tsserver] /bin/sh: /usr/local/Cellar/node/13.10.1/bin/npm: No such file or directory\n"

[ ERROR ] 2020-04-11T23:05:06Z+0800 ] ...EAD-87d892a/share/nvim/runtime/lua/vim/lsp/callbacks.lua:221 ]	"[tsserver] /bin/sh: /usr/local/Cellar/node/13.10.1/bin/npm: No such file or directory\n"














[ ERROR ] 2020-04-11T23:16:06Z+0800 ] ...EAD-87d892a/share/nvim/runtime/lua/vim/lsp/callbacks.lua:221 ]	"[tsserver] /bin/sh: /usr/local/Cellar/node/13.10.1/bin/npm: No such file or directory\n"

[ ERROR ] 2020-04-11T23:16:20Z+0800 ] ...EAD-87d892a/share/nvim/runtime/lua/vim/lsp/callbacks.lua:221 ]	"[tsserver] /bin/sh: /usr/local/Cellar/node/13.10.1/bin/npm: No such file or directory\n"

[ ERROR ] 2020-04-11T23:21:44Z+0800 ] ...EAD-87d892a/share/nvim/runtime/lua/vim/lsp/callbacks.lua:221 ]	"[tsserver] /bin/sh: /usr/local/Cellar/node/13.10.1/bin/npm: No such file or directory\n"


[ ERROR ] 2020-04-11T23:35:59Z+0800 ] ...EAD-87d892a/share/nvim/runtime/lua/vim/lsp/callbacks.lua:221 ]	"[tsserver] /bin/sh: /usr/local/Cellar/node/13.10.1/bin/npm: No such file or directory\n"

[ ERROR ] 2020-04-11T23:38:29Z+0800 ] ...EAD-87d892a/share/nvim/runtime/lua/vim/lsp/callbacks.lua:221 ]	"[tsserver] /bin/sh: /usr/local/Cellar/node/13.10.1/bin/npm: No such file or directory\n"

[ ERROR ] 2020-04-11T23:40:43Z+0800 ] ...EAD-87d892a/share/nvim/runtime/lua/vim/lsp/callbacks.lua:221 ]	"[tsserver] /bin/sh: /usr/local/Cellar/node/13.10.1/bin/npm: No such file or directory\n"


[ ERROR ] 2020-04-11T23:44:56Z+0800 ] ...EAD-87d892a/share/nvim/runtime/lua/vim/lsp/callbacks.lua:221 ]	"[tsserver] /bin/sh: /usr/local/Cellar/node/13.10.1/bin/npm: No such file or directory\n"

[ ERROR ] 2020-04-11T23:45:03Z+0800 ] ...EAD-87d892a/share/nvim/runtime/lua/vim/lsp/callbacks.lua:221 ]	"[tsserver] /bin/sh: /usr/local/Cellar/node/13.10.1/bin/npm: No such file or directory\n"

[ ERROR ] 2020-04-11T23:45:35Z+0800 ] ...EAD-87d892a/share/nvim/runtime/lua/vim/lsp/callbacks.lua:221 ]	"[tsserver] /bin/sh: /usr/local/Cellar/node/13.10.1/bin/npm: No such file or directory\n"



[ ERROR ] 2020-04-11T23:57:23Z+0800 ] ...EAD-87d892a/share/nvim/runtime/lua/vim/lsp/callbacks.lua:221 ]	"[tsserver] /bin/sh: /usr/local/Cellar/node/13.10.1/bin/npm: No such file or directory\n"

[ ERROR ] 2020-04-11T23:57:48Z+0800 ] ...EAD-87d892a/share/nvim/runtime/lua/vim/lsp/callbacks.lua:221 ]	"[tsserver] /bin/sh: /usr/local/Cellar/node/13.10.1/bin/npm: No such file or directory\n"



[ ERROR ] 2020-04-11T23:59:49Z+0800 ] ...EAD-87d892a/share/nvim/runtime/lua/vim/lsp/callbacks.lua:221 ]	"[tsserver] /bin/sh: /usr/local/Cellar/node/13.10.1/bin/npm: No such file or directory\n"


[ ERROR ] 2020-04-12T00:01:23Z+0800 ] ...EAD-87d892a/share/nvim/runtime/lua/vim/lsp/callbacks.lua:221 ]	"[tsserver] /bin/sh: /usr/local/Cellar/node/13.10.1/bin/npm: No such file or directory\n"

[ ERROR ] 2020-04-12T00:03:06Z+0800 ] ...EAD-87d892a/share/nvim/runtime/lua/vim/lsp/callbacks.lua:221 ]	"[tsserver] /bin/sh: /usr/local/Cellar/node/13.10.1/bin/npm: No such file or directory\n"



[ ERROR ] 2020-04-12T00:08:37Z+0800 ] ...EAD-87d892a/share/nvim/runtime/lua/vim/lsp/callbacks.lua:221 ]	"[tsserver] /bin/sh: /usr/local/Cellar/node/13.10.1/bin/npm: No such file or directory\n"

[ ERROR ] 2020-04-12T00:13:39Z+0800 ] ...EAD-87d892a/share/nvim/runtime/lua/vim/lsp/callbacks.lua:221 ]	"[tsserver] /bin/sh: /usr/local/Cellar/node/13.10.1/bin/npm: No such file or directory\n"

[ ERROR ] 2020-04-12T00:14:49Z+0800 ] ...EAD-87d892a/share/nvim/runtime/lua/vim/lsp/callbacks.lua:221 ]	"[tsserver] /bin/sh: /usr/local/Cellar/node/13.10.1/bin/npm: No such file or directory\n"

[ ERROR ] 2020-04-12T00:45:14Z+0800 ] ...EAD-87d892a/share/nvim/runtime/lua/vim/lsp/callbacks.lua:221 ]	"[tsserver] /bin/sh: /usr/local/Cellar/node/13.10.1/bin/npm: No such file or directory\n"




[ ERROR ] 2020-04-12T10:27:02Z+0800 ] ...EAD-87d892a/share/nvim/runtime/lua/vim/lsp/callbacks.lua:221 ]	"[tsserver] /bin/sh: /usr/local/Cellar/node/13.10.1/bin/npm: No such file or directory\n"
[ ERROR ] 2020-04-12T16:15:21Z+0800 ] ...EAD-87d892a/share/nvim/runtime/lua/vim/lsp/callbacks.lua:221 ]	"Notification handler 'textDocument/didChange' failed with message: Received document change event for file:///Users/yikkai95/Project/pwk/src/screens/ShortVowel/Practice03/index.js without valid version identifier"
[ ERROR ] 2020-04-12T16:15:22Z+0800 ] ...EAD-87d892a/share/nvim/runtime/lua/vim/lsp/callbacks.lua:221 ]	"Notification handler 'textDocument/didChange' failed with message: Received document change event for file:///Users/yikkai95/Project/pwk/src/screens/ShortVowel/Practice03/index.js without valid version identifier"
[ ERROR ] 2020-04-12T16:15:22Z+0800 ] ...EAD-87d892a/share/nvim/runtime/lua/vim/lsp/callbacks.lua:221 ]	"Notification handler 'textDocument/didChange' failed with message: Received document change event for file:///Users/yikkai95/Project/pwk/src/screens/ShortVowel/Practice03/index.js without valid version identifier"
[ ERROR ] 2020-04-12T16:15:22Z+0800 ] ...EAD-87d892a/share/nvim/runtime/lua/vim/lsp/callbacks.lua:221 ]	"Notification handler 'textDocument/didChange' failed with message: Received document change event for file:///Users/yikkai95/Project/pwk/src/screens/ShortVowel/Practice03/index.js without valid version identifier"
[ ERROR ] 2020-04-12T16:15:22Z+0800 ] ...EAD-87d892a/share/nvim/runtime/lua/vim/lsp/callbacks.lua:221 ]	"Notification handler 'textDocument/didChange' failed with message: Received document change event for file:///Users/yikkai95/Project/pwk/src/screens/ShortVowel/Practice03/index.js without valid version identifier"
[ ERROR ] 2020-04-12T16:15:23Z+0800 ] ...EAD-87d892a/share/nvim/runtime/lua/vim/lsp/callbacks.lua:221 ]	"Notification handler 'textDocument/didChange' failed with message: Received document change event for file:///Users/yikkai95/Project/pwk/src/screens/ShortVowel/Practice03/index.js without valid version identifier"
[ ERROR ] 2020-04-12T16:15:23Z+0800 ] ...EAD-87d892a/share/nvim/runtime/lua/vim/lsp/callbacks.lua:221 ]	"Notification handler 'textDocument/didChange' failed with message: Received document change event for file:///Users/yikkai95/Project/pwk/src/screens/ShortVowel/Practice03/index.js without valid version identifier"
[ ERROR ] 2020-04-12T16:15:23Z+0800 ] ...EAD-87d892a/share/nvim/runtime/lua/vim/lsp/callbacks.lua:221 ]	"Notification handler 'textDocument/didChange' failed with message: Received document change event for file:///Users/yikkai95/Project/pwk/src/screens/ShortVowel/Practice03/index.js without valid version identifier"
[ ERROR ] 2020-04-12T16:15:23Z+0800 ] ...EAD-87d892a/share/nvim/runtime/lua/vim/lsp/callbacks.lua:221 ]	"Notification handler 'textDocument/didChange' failed with message: Received document change event for file:///Users/yikkai95/Project/pwk/src/screens/ShortVowel/Practice03/index.js without valid version identifier"
[ ERROR ] 2020-04-12T16:15:23Z+0800 ] ...EAD-87d892a/share/nvim/runtime/lua/vim/lsp/callbacks.lua:221 ]	"Notification handler 'textDocument/didChange' failed with message: Received document change event for file:///Users/yikkai95/Project/pwk/src/screens/ShortVowel/Practice03/index.js without valid version identifier"
[ ERROR ] 2020-04-12T16:15:23Z+0800 ] ...EAD-87d892a/share/nvim/runtime/lua/vim/lsp/callbacks.lua:221 ]	"Notification handler 'textDocument/didChange' failed with message: Received document change event for file:///Users/yikkai95/Project/pwk/src/screens/ShortVowel/Practice03/index.js without valid version identifier"
[ ERROR ] 2020-04-12T16:15:24Z+0800 ] ...EAD-87d892a/share/nvim/runtime/lua/vim/lsp/callbacks.lua:221 ]	"Notification handler 'textDocument/didChange' failed with message: Received document change event for file:///Users/yikkai95/Project/pwk/src/screens/ShortVowel/Practice03/index.js without valid version identifier"
[ ERROR ] 2020-04-12T16:15:52Z+0800 ] ...EAD-87d892a/share/nvim/runtime/lua/vim/lsp/callbacks.lua:221 ]	"Notification handler 'textDocument/didChange' failed with message: Received document change event for file:///Users/yikkai95/Project/pwk/src/screens/ShortVowel/Practice03/index.js without valid version identifier"
[ ERROR ] 2020-04-12T16:15:53Z+0800 ] ...EAD-87d892a/share/nvim/runtime/lua/vim/lsp/callbacks.lua:221 ]	"Notification handler 'textDocument/didChange' failed with message: Received document change event for file:///Users/yikkai95/Project/pwk/src/screens/ShortVowel/Practice03/index.js without valid version identifier"
[ ERROR ] 2020-04-12T16:15:53Z+0800 ] ...EAD-87d892a/share/nvim/runtime/lua/vim/lsp/callbacks.lua:221 ]	"Notification handler 'textDocument/didChange' failed with message: Received document change event for file:///Users/yikkai95/Project/pwk/src/screens/ShortVowel/Practice03/index.js without valid version identifier"
[ ERROR ] 2020-04-12T16:16:07Z+0800 ] ...EAD-87d892a/share/nvim/runtime/lua/vim/lsp/callbacks.lua:221 ]	"Notification handler 'textDocument/didChange' failed with message: Received document change event for file:///Users/yikkai95/Project/pwk/src/screens/ShortVowel/Practice03/index.js without valid version identifier"
[ ERROR ] 2020-04-12T16:16:10Z+0800 ] ...EAD-87d892a/share/nvim/runtime/lua/vim/lsp/callbacks.lua:221 ]	"Notification handler 'textDocument/didChange' failed with message: Received document change event for file:///Users/yikkai95/Project/pwk/src/screens/ShortVowel/Practice03/index.js without valid version identifier"
[ ERROR ] 2020-04-12T16:16:10Z+0800 ] ...EAD-87d892a/share/nvim/runtime/lua/vim/lsp/callbacks.lua:221 ]	"Notification handler 'textDocument/didChange' failed with message: Received document change event for file:///Users/yikkai95/Project/pwk/src/screens/ShortVowel/Practice03/index.js without valid version identifier"
[ ERROR ] 2020-04-12T16:16:10Z+0800 ] ...EAD-87d892a/share/nvim/runtime/lua/vim/lsp/callbacks.lua:221 ]	"Notification handler 'textDocument/didChange' failed with message: Received document change event for file:///Users/yikkai95/Project/pwk/src/screens/ShortVowel/Practice03/index.js without valid version identifier"
[ ERROR ] 2020-04-12T16:16:10Z+0800 ] ...EAD-87d892a/share/nvim/runtime/lua/vim/lsp/callbacks.lua:221 ]	"Notification handler 'textDocument/didChange' failed with message: Received document change event for file:///Users/yikkai95/Project/pwk/src/screens/ShortVowel/Practice03/index.js without valid version identifier"
[ ERROR ] 2020-04-12T16:16:11Z+0800 ] ...EAD-87d892a/share/nvim/runtime/lua/vim/lsp/callbacks.lua:221 ]	"Notification handler 'textDocument/didChange' failed with message: Received document change event for file:///Users/yikkai95/Project/pwk/src/screens/ShortVowel/Practice03/index.js without valid version identifier"
[ ERROR ] 2020-04-12T16:16:11Z+0800 ] ...EAD-87d892a/share/nvim/runtime/lua/vim/lsp/callbacks.lua:221 ]	"Notification handler 'textDocument/didChange' failed with message: Received document change event for file:///Users/yikkai95/Project/pwk/src/screens/ShortVowel/Practice03/index.js without valid version identifier"
[ ERROR ] 2020-04-12T16:16:11Z+0800 ] ...EAD-87d892a/share/nvim/runtime/lua/vim/lsp/callbacks.lua:221 ]	"Notification handler 'textDocument/didChange' failed with message: Received document change event for file:///Users/yikkai95/Project/pwk/src/screens/ShortVowel/Practice03/index.js without valid version identifier"
[ ERROR ] 2020-04-12T16:16:11Z+0800 ] ...EAD-87d892a/share/nvim/runtime/lua/vim/lsp/callbacks.lua:221 ]	"Notification handler 'textDocument/didChange' failed with message: Received document change event for file:///Users/yikkai95/Project/pwk/src/screens/ShortVowel/Practice03/index.js without valid version identifier"
[ ERROR ] 2020-04-12T16:16:11Z+0800 ] ...EAD-87d892a/share/nvim/runtime/lua/vim/lsp/callbacks.lua:221 ]	"Notification handler 'textDocument/didChange' failed with message: Received document change event for file:///Users/yikkai95/Project/pwk/src/screens/ShortVowel/Practice03/index.js without valid version identifier"
[ ERROR ] 2020-04-12T16:16:12Z+0800 ] ...EAD-87d892a/share/nvim/runtime/lua/vim/lsp/callbacks.lua:221 ]	"Notification handler 'textDocument/didChange' failed with message: Received document change event for file:///Users/yikkai95/Project/pwk/src/screens/ShortVowel/Practice03/index.js without valid version identifier"
[ ERROR ] 2020-04-12T16:16:13Z+0800 ] ...EAD-87d892a/share/nvim/runtime/lua/vim/lsp/callbacks.lua:221 ]	"Notification handler 'textDocument/didChange' failed with message: Received document change event for file:///Users/yikkai95/Project/pwk/src/screens/ShortVowel/Practice03/index.js without valid version identifier"
[ ERROR ] 2020-04-12T16:16:14Z+0800 ] ...EAD-87d892a/share/nvim/runtime/lua/vim/lsp/callbacks.lua:221 ]	"Notification handler 'textDocument/didChange' failed with message: Received document change event for file:///Users/yikkai95/Project/pwk/src/screens/ShortVowel/Practice03/index.js without valid version identifier"
[ ERROR ] 2020-04-12T16:16:14Z+0800 ] ...EAD-87d892a/share/nvim/runtime/lua/vim/lsp/callbacks.lua:221 ]	"Notification handler 'textDocument/didChange' failed with message: Received document change event for file:///Users/yikkai95/Project/pwk/src/screens/ShortVowel/Practice03/index.js without valid version identifier"
[ ERROR ] 2020-04-12T16:17:14Z+0800 ] ...EAD-87d892a/share/nvim/runtime/lua/vim/lsp/callbacks.lua:221 ]	"Notification handler 'textDocument/didChange' failed with message: Received document change event for file:///Users/yikkai95/Project/pwk/src/screens/ShortVowel/Practice03/index.js without valid version identifier"
[ ERROR ] 2020-04-12T16:17:15Z+0800 ] ...EAD-87d892a/share/nvim/runtime/lua/vim/lsp/callbacks.lua:221 ]	"Notification handler 'textDocument/didChange' failed with message: Received document change event for file:///Users/yikkai95/Project/pwk/src/screens/ShortVowel/Practice03/index.js without valid version identifier"
[ ERROR ] 2020-04-12T16:17:15Z+0800 ] ...EAD-87d892a/share/nvim/runtime/lua/vim/lsp/callbacks.lua:221 ]	"Notification handler 'textDocument/didChange' failed with message: Received document change event for file:///Users/yikkai95/Project/pwk/src/screens/ShortVowel/Practice03/index.js without valid version identifier"
[ ERROR ] 2020-04-12T16:17:15Z+0800 ] ...EAD-87d892a/share/nvim/runtime/lua/vim/lsp/callbacks.lua:221 ]	"Notification handler 'textDocument/didChange' failed with message: Received document change event for file:///Users/yikkai95/Project/pwk/src/screens/ShortVowel/Practice03/index.js without valid version identifier"
[ ERROR ] 2020-04-12T16:17:16Z+0800 ] ...EAD-87d892a/share/nvim/runtime/lua/vim/lsp/callbacks.lua:221 ]	"Notification handler 'textDocument/didChange' failed with message: Received document change event for file:///Users/yikkai95/Project/pwk/src/screens/ShortVowel/Practice03/index.js without valid version identifier"
[ ERROR ] 2020-04-12T16:17:17Z+0800 ] ...EAD-87d892a/share/nvim/runtime/lua/vim/lsp/callbacks.lua:221 ]	"Notification handler 'textDocument/didChange' failed with message: Received document change event for file:///Users/yikkai95/Project/pwk/src/screens/ShortVowel/Practice03/index.js without valid version identifier"
[ ERROR ] 2020-04-12T16:17:43Z+0800 ] ...EAD-87d892a/share/nvim/runtime/lua/vim/lsp/callbacks.lua:221 ]	"Notification handler 'textDocument/didChange' failed with message: Received document change event for file:///Users/yikkai95/Project/pwk/src/screens/ShortVowel/Practice03/index.js without valid version identifier"
[ ERROR ] 2020-04-12T16:17:43Z+0800 ] ...EAD-87d892a/share/nvim/runtime/lua/vim/lsp/callbacks.lua:221 ]	"Notification handler 'textDocument/didChange' failed with message: Received document change event for file:///Users/yikkai95/Project/pwk/src/screens/ShortVowel/Practice03/index.js without valid version identifier"
[ ERROR ] 2020-04-12T16:17:43Z+0800 ] ...EAD-87d892a/share/nvim/runtime/lua/vim/lsp/callbacks.lua:221 ]	"Notification handler 'textDocument/didChange' failed with message: Received document change event for file:///Users/yikkai95/Project/pwk/src/screens/ShortVowel/Practice03/index.js without valid version identifier"
[ ERROR ] 2020-04-12T16:17:43Z+0800 ] ...EAD-87d892a/share/nvim/runtime/lua/vim/lsp/callbacks.lua:221 ]	"Notification handler 'textDocument/didChange' failed with message: Received document change event for file:///Users/yikkai95/Project/pwk/src/screens/ShortVowel/Practice03/index.js without valid version identifier"
[ ERROR ] 2020-04-12T16:17:44Z+0800 ] ...EAD-87d892a/share/nvim/runtime/lua/vim/lsp/callbacks.lua:221 ]	"Notification handler 'textDocument/didChange' failed with message: Received document change event for file:///Users/yikkai95/Project/pwk/src/screens/ShortVowel/Practice03/index.js without valid version identifier"
[ ERROR ] 2020-04-12T16:17:45Z+0800 ] ...EAD-87d892a/share/nvim/runtime/lua/vim/lsp/callbacks.lua:221 ]	"Notification handler 'textDocument/didChange' failed with message: Received document change event for file:///Users/yikkai95/Project/pwk/src/screens/ShortVowel/Practice03/index.js without valid version identifier"
[ ERROR ] 2020-04-12T16:17:45Z+0800 ] ...EAD-87d892a/share/nvim/runtime/lua/vim/lsp/callbacks.lua:221 ]	"Notification handler 'textDocument/didChange' failed with message: Received document change event for file:///Users/yikkai95/Project/pwk/src/screens/ShortVowel/Practice03/index.js without valid version identifier"
[ ERROR ] 2020-04-12T16:47:14Z+0800 ] ...EAD-87d892a/share/nvim/runtime/lua/vim/lsp/callbacks.lua:221 ]	"[tsserver] /bin/sh: /usr/local/Cellar/node/13.10.1/bin/npm: No such file or directory\n"


[ ERROR ] 2020-04-12T16:58:38Z+0800 ] ...EAD-87d892a/share/nvim/runtime/lua/vim/lsp/callbacks.lua:221 ]	"[tsserver] /bin/sh: /usr/local/Cellar/node/13.10.1/bin/npm: No such file or directory\n"
[ ERROR ] 2020-04-12T17:33:29Z+0800 ] ...EAD-87d892a/share/nvim/runtime/lua/vim/lsp/callbacks.lua:221 ]	"Notification handler 'textDocument/didChange' failed with message: Received document change event for file:///Users/yikkai95/Project/pwk/src/screens/ShortVowel/Practice04/game.js without valid version identifier"
[ ERROR ] 2020-04-12T17:33:30Z+0800 ] ...EAD-87d892a/share/nvim/runtime/lua/vim/lsp/callbacks.lua:221 ]	"Notification handler 'textDocument/didChange' failed with message: Received document change event for file:///Users/yikkai95/Project/pwk/src/screens/ShortVowel/Practice04/game.js without valid version identifier"
[ ERROR ] 2020-04-12T17:33:30Z+0800 ] ...EAD-87d892a/share/nvim/runtime/lua/vim/lsp/callbacks.lua:221 ]	"Notification handler 'textDocument/didChange' failed with message: Received document change event for file:///Users/yikkai95/Project/pwk/src/screens/ShortVowel/Practice04/game.js without valid version identifier"
[ ERROR ] 2020-04-12T17:44:47Z+0800 ] ...EAD-87d892a/share/nvim/runtime/lua/vim/lsp/callbacks.lua:221 ]	"Notification handler 'textDocument/didChange' failed with message: Received document change event for file:///Users/yikkai95/Project/pwk/src/screens/ShortVowel/Practice04/game.js without valid version identifier"
[ ERROR ] 2020-04-12T17:44:49Z+0800 ] ...EAD-87d892a/share/nvim/runtime/lua/vim/lsp/callbacks.lua:221 ]	"Notification handler 'textDocument/didChange' failed with message: Received document change event for file:///Users/yikkai95/Project/pwk/src/screens/ShortVowel/Practice04/game.js without valid version identifier"
[ ERROR ] 2020-04-12T17:44:49Z+0800 ] ...EAD-87d892a/share/nvim/runtime/lua/vim/lsp/callbacks.lua:221 ]	"Notification handler 'textDocument/didChange' failed with message: Received document change event for file:///Users/yikkai95/Project/pwk/src/screens/ShortVowel/Practice04/game.js without valid version identifier"
[ ERROR ] 2020-04-12T17:44:49Z+0800 ] ...EAD-87d892a/share/nvim/runtime/lua/vim/lsp/callbacks.lua:221 ]	"Notification handler 'textDocument/didChange' failed with message: Received document change event for file:///Users/yikkai95/Project/pwk/src/screens/ShortVowel/Practice04/game.js without valid version identifier"
[ ERROR ] 2020-04-12T17:44:50Z+0800 ] ...EAD-87d892a/share/nvim/runtime/lua/vim/lsp/callbacks.lua:221 ]	"Notification handler 'textDocument/didChange' failed with message: Received document change event for file:///Users/yikkai95/Project/pwk/src/screens/ShortVowel/Practice04/game.js without valid version identifier"
[ ERROR ] 2020-04-12T17:44:52Z+0800 ] ...EAD-87d892a/share/nvim/runtime/lua/vim/lsp/callbacks.lua:221 ]	"Notification handler 'textDocument/didChange' failed with message: Received document change event for file:///Users/yikkai95/Project/pwk/src/screens/ShortVowel/Practice04/game.js without valid version identifier"
[ ERROR ] 2020-04-12T17:44:55Z+0800 ] ...EAD-87d892a/share/nvim/runtime/lua/vim/lsp/callbacks.lua:221 ]	"Notification handler 'textDocument/didChange' failed with message: Received document change event for file:///Users/yikkai95/Project/pwk/src/screens/ShortVowel/Practice04/game.js without valid version identifier"
[ ERROR ] 2020-04-12T17:44:55Z+0800 ] ...EAD-87d892a/share/nvim/runtime/lua/vim/lsp/callbacks.lua:221 ]	"Notification handler 'textDocument/didChange' failed with message: Received document change event for file:///Users/yikkai95/Project/pwk/src/screens/ShortVowel/Practice04/game.js without valid version identifier"
[ ERROR ] 2020-04-12T17:44:57Z+0800 ] ...EAD-87d892a/share/nvim/runtime/lua/vim/lsp/callbacks.lua:221 ]	"Notification handler 'textDocument/didChange' failed with message: Received document change event for file:///Users/yikkai95/Project/pwk/src/screens/ShortVowel/Practice04/game.js without valid version identifier"
[ ERROR ] 2020-04-12T17:44:57Z+0800 ] ...EAD-87d892a/share/nvim/runtime/lua/vim/lsp/callbacks.lua:221 ]	"Notification handler 'textDocument/didChange' failed with message: Received document change event for file:///Users/yikkai95/Project/pwk/src/screens/ShortVowel/Practice04/game.js without valid version identifier"
[ ERROR ] 2020-04-12T18:01:32Z+0800 ] ...EAD-87d892a/share/nvim/runtime/lua/vim/lsp/callbacks.lua:221 ]	"[tsserver] /bin/sh: /usr/local/Cellar/node/13.10.1/bin/npm: No such file or directory\n"

